mode: set
github.com/containeroo/portpatrol/pkg/resolver/env.go:12.61,14.12 2 1
github.com/containeroo/portpatrol/pkg/resolver/env.go:14.12,16.3 1 1
github.com/containeroo/portpatrol/pkg/resolver/env.go:17.2,17.17 1 1
github.com/containeroo/portpatrol/pkg/resolver/file.go:16.70,21.16 4 1
github.com/containeroo/portpatrol/pkg/resolver/file.go:21.16,23.3 1 1
github.com/containeroo/portpatrol/pkg/resolver/file.go:24.2,26.19 2 1
github.com/containeroo/portpatrol/pkg/resolver/file.go:26.19,28.3 1 1
github.com/containeroo/portpatrol/pkg/resolver/file.go:31.2,32.16 2 1
github.com/containeroo/portpatrol/pkg/resolver/file.go:32.16,34.3 1 0
github.com/containeroo/portpatrol/pkg/resolver/file.go:35.2,35.45 1 1
github.com/containeroo/portpatrol/pkg/resolver/file.go:39.65,41.21 2 1
github.com/containeroo/portpatrol/pkg/resolver/file.go:41.21,44.58 3 1
github.com/containeroo/portpatrol/pkg/resolver/file.go:44.58,46.4 1 1
github.com/containeroo/portpatrol/pkg/resolver/file.go:48.2,48.77 1 1
github.com/containeroo/portpatrol/pkg/resolver/ini.go:13.61,18.16 4 1
github.com/containeroo/portpatrol/pkg/resolver/ini.go:18.16,20.3 1 1
github.com/containeroo/portpatrol/pkg/resolver/ini.go:22.2,22.19 1 1
github.com/containeroo/portpatrol/pkg/resolver/ini.go:22.19,25.17 2 1
github.com/containeroo/portpatrol/pkg/resolver/ini.go:25.17,27.4 1 0
github.com/containeroo/portpatrol/pkg/resolver/ini.go:28.3,28.46 1 1
github.com/containeroo/portpatrol/pkg/resolver/ini.go:32.2,34.21 3 1
github.com/containeroo/portpatrol/pkg/resolver/ini.go:34.21,38.3 2 1
github.com/containeroo/portpatrol/pkg/resolver/ini.go:38.8,41.3 2 1
github.com/containeroo/portpatrol/pkg/resolver/ini.go:43.2,44.16 2 1
github.com/containeroo/portpatrol/pkg/resolver/ini.go:44.16,46.3 1 1
github.com/containeroo/portpatrol/pkg/resolver/ini.go:48.2,49.34 2 1
github.com/containeroo/portpatrol/pkg/resolver/ini.go:49.34,51.3 1 1
github.com/containeroo/portpatrol/pkg/resolver/ini.go:53.2,53.24 1 1
github.com/containeroo/portpatrol/pkg/resolver/json.go:21.62,26.16 4 1
github.com/containeroo/portpatrol/pkg/resolver/json.go:26.16,28.3 1 1
github.com/containeroo/portpatrol/pkg/resolver/json.go:30.2,30.19 1 1
github.com/containeroo/portpatrol/pkg/resolver/json.go:30.19,33.3 1 1
github.com/containeroo/portpatrol/pkg/resolver/json.go:35.2,36.55 2 1
github.com/containeroo/portpatrol/pkg/resolver/json.go:36.55,38.3 1 0
github.com/containeroo/portpatrol/pkg/resolver/json.go:40.2,41.16 2 1
github.com/containeroo/portpatrol/pkg/resolver/json.go:41.16,43.3 1 1
github.com/containeroo/portpatrol/pkg/resolver/json.go:45.2,46.9 2 1
github.com/containeroo/portpatrol/pkg/resolver/json.go:46.9,50.3 2 1
github.com/containeroo/portpatrol/pkg/resolver/json.go:51.2,51.20 1 1
github.com/containeroo/portpatrol/pkg/resolver/resolver.go:33.52,34.42 1 1
github.com/containeroo/portpatrol/pkg/resolver/resolver.go:34.42,35.39 1 1
github.com/containeroo/portpatrol/pkg/resolver/resolver.go:35.39,37.4 1 1
github.com/containeroo/portpatrol/pkg/resolver/resolver.go:39.2,39.19 1 1
github.com/containeroo/portpatrol/pkg/resolver/testutils.go:5.42,8.2 2 1
github.com/containeroo/portpatrol/pkg/resolver/utils.go:10.53,13.15 3 1
github.com/containeroo/portpatrol/pkg/resolver/utils.go:13.15,15.3 1 1
github.com/containeroo/portpatrol/pkg/resolver/utils.go:16.2,16.47 1 1
github.com/containeroo/portpatrol/pkg/resolver/utils.go:31.73,33.25 2 1
github.com/containeroo/portpatrol/pkg/resolver/utils.go:33.25,34.33 1 1
github.com/containeroo/portpatrol/pkg/resolver/utils.go:35.31,38.11 2 1
github.com/containeroo/portpatrol/pkg/resolver/utils.go:38.11,40.5 1 1
github.com/containeroo/portpatrol/pkg/resolver/utils.go:41.4,41.17 1 1
github.com/containeroo/portpatrol/pkg/resolver/utils.go:43.22,46.18 2 1
github.com/containeroo/portpatrol/pkg/resolver/utils.go:46.18,48.5 1 1
github.com/containeroo/portpatrol/pkg/resolver/utils.go:49.4,49.35 1 1
github.com/containeroo/portpatrol/pkg/resolver/utils.go:49.35,51.5 1 1
github.com/containeroo/portpatrol/pkg/resolver/utils.go:52.4,52.23 1 1
github.com/containeroo/portpatrol/pkg/resolver/utils.go:54.11,56.60 1 1
github.com/containeroo/portpatrol/pkg/resolver/utils.go:59.2,59.21 1 1
github.com/containeroo/portpatrol/pkg/resolver/utils.go:64.83,65.25 1 1
github.com/containeroo/portpatrol/pkg/resolver/utils.go:66.30,68.28 1 1
github.com/containeroo/portpatrol/pkg/resolver/utils.go:68.28,70.18 2 1
github.com/containeroo/portpatrol/pkg/resolver/utils.go:70.18,72.5 1 0
github.com/containeroo/portpatrol/pkg/resolver/utils.go:73.4,73.22 1 1
github.com/containeroo/portpatrol/pkg/resolver/utils.go:75.3,75.16 1 1
github.com/containeroo/portpatrol/pkg/resolver/utils.go:76.10,78.39 1 1
github.com/containeroo/portpatrol/pkg/resolver/utils.go:82.57,84.26 1 1
github.com/containeroo/portpatrol/pkg/resolver/utils.go:85.30,86.24 1 1
github.com/containeroo/portpatrol/pkg/resolver/utils.go:86.24,88.18 2 1
github.com/containeroo/portpatrol/pkg/resolver/utils.go:88.18,90.5 1 0
github.com/containeroo/portpatrol/pkg/resolver/utils.go:91.4,91.21 1 1
github.com/containeroo/portpatrol/pkg/resolver/utils.go:93.3,93.17 1 1
github.com/containeroo/portpatrol/pkg/resolver/utils.go:94.21,95.27 1 1
github.com/containeroo/portpatrol/pkg/resolver/utils.go:95.27,97.18 2 1
github.com/containeroo/portpatrol/pkg/resolver/utils.go:97.18,99.5 1 0
github.com/containeroo/portpatrol/pkg/resolver/utils.go:100.4,100.21 1 1
github.com/containeroo/portpatrol/pkg/resolver/utils.go:102.3,102.17 1 1
github.com/containeroo/portpatrol/pkg/resolver/utils.go:103.10,104.17 1 1
github.com/containeroo/portpatrol/pkg/resolver/yaml.go:16.62,21.16 4 1
github.com/containeroo/portpatrol/pkg/resolver/yaml.go:21.16,23.3 1 1
github.com/containeroo/portpatrol/pkg/resolver/yaml.go:25.2,26.55 2 1
github.com/containeroo/portpatrol/pkg/resolver/yaml.go:26.55,28.3 1 1
github.com/containeroo/portpatrol/pkg/resolver/yaml.go:31.2,32.16 2 1
github.com/containeroo/portpatrol/pkg/resolver/yaml.go:32.16,34.3 1 0
github.com/containeroo/portpatrol/pkg/resolver/yaml.go:36.2,36.19 1 1
github.com/containeroo/portpatrol/pkg/resolver/yaml.go:36.19,39.3 1 1
github.com/containeroo/portpatrol/pkg/resolver/yaml.go:41.2,42.16 2 1
github.com/containeroo/portpatrol/pkg/resolver/yaml.go:42.16,44.3 1 1
github.com/containeroo/portpatrol/pkg/resolver/yaml.go:47.2,47.32 1 1
github.com/containeroo/portpatrol/pkg/resolver/yaml.go:48.14,49.23 1 1
github.com/containeroo/portpatrol/pkg/resolver/yaml.go:50.10,52.47 2 1
