mode: set
github.com/containeroo/resolver/env.go:17.61,19.12 2 1
github.com/containeroo/resolver/env.go:19.12,21.3 1 1
github.com/containeroo/resolver/env.go:22.2,22.17 1 1
github.com/containeroo/resolver/file.go:22.70,27.16 4 1
github.com/containeroo/resolver/file.go:27.16,29.3 1 1
github.com/containeroo/resolver/file.go:30.2,32.19 2 1
github.com/containeroo/resolver/file.go:32.19,34.3 1 1
github.com/containeroo/resolver/file.go:37.2,38.16 2 1
github.com/containeroo/resolver/file.go:38.16,40.3 1 0
github.com/containeroo/resolver/file.go:41.2,41.45 1 1
github.com/containeroo/resolver/file.go:45.65,47.21 2 1
github.com/containeroo/resolver/file.go:47.21,50.58 3 1
github.com/containeroo/resolver/file.go:50.58,52.4 1 1
github.com/containeroo/resolver/file.go:54.2,54.76 1 1
github.com/containeroo/resolver/ini.go:23.61,28.16 4 1
github.com/containeroo/resolver/ini.go:28.16,30.3 1 1
github.com/containeroo/resolver/ini.go:32.2,32.19 1 1
github.com/containeroo/resolver/ini.go:32.19,35.17 2 1
github.com/containeroo/resolver/ini.go:35.17,37.4 1 0
github.com/containeroo/resolver/ini.go:38.3,38.46 1 1
github.com/containeroo/resolver/ini.go:42.2,44.21 3 1
github.com/containeroo/resolver/ini.go:44.21,48.3 2 1
github.com/containeroo/resolver/ini.go:48.8,51.3 2 1
github.com/containeroo/resolver/ini.go:53.2,54.16 2 1
github.com/containeroo/resolver/ini.go:54.16,56.3 1 1
github.com/containeroo/resolver/ini.go:58.2,59.34 2 1
github.com/containeroo/resolver/ini.go:59.34,61.3 1 1
github.com/containeroo/resolver/ini.go:63.2,63.24 1 1
github.com/containeroo/resolver/json.go:21.62,26.16 4 1
github.com/containeroo/resolver/json.go:26.16,28.3 1 1
github.com/containeroo/resolver/json.go:30.2,30.19 1 1
github.com/containeroo/resolver/json.go:30.19,33.3 1 1
github.com/containeroo/resolver/json.go:35.2,36.55 2 1
github.com/containeroo/resolver/json.go:36.55,38.3 1 0
github.com/containeroo/resolver/json.go:40.2,41.16 2 1
github.com/containeroo/resolver/json.go:41.16,43.3 1 1
github.com/containeroo/resolver/json.go:45.2,46.9 2 1
github.com/containeroo/resolver/json.go:46.9,50.3 2 1
github.com/containeroo/resolver/json.go:51.2,51.20 1 1
github.com/containeroo/resolver/resolver.go:37.52,38.42 1 1
github.com/containeroo/resolver/resolver.go:38.42,39.39 1 1
github.com/containeroo/resolver/resolver.go:39.39,41.4 1 1
github.com/containeroo/resolver/resolver.go:43.2,43.19 1 1
github.com/containeroo/resolver/slices.go:12.50,14.2 1 1
github.com/containeroo/resolver/slices.go:26.73,28.26 2 1
github.com/containeroo/resolver/slices.go:28.26,30.17 2 1
github.com/containeroo/resolver/slices.go:30.17,32.4 1 1
github.com/containeroo/resolver/slices.go:33.3,33.23 1 1
github.com/containeroo/resolver/slices.go:35.2,35.17 1 1
github.com/containeroo/resolver/testutils.go:5.42,8.2 2 1
github.com/containeroo/resolver/toml.go:22.62,27.16 4 1
github.com/containeroo/resolver/toml.go:27.16,29.3 1 1
github.com/containeroo/resolver/toml.go:32.2,33.64 2 1
github.com/containeroo/resolver/toml.go:33.64,35.3 1 1
github.com/containeroo/resolver/toml.go:38.2,39.55 2 1
github.com/containeroo/resolver/toml.go:39.55,41.3 1 0
github.com/containeroo/resolver/toml.go:43.2,43.19 1 1
github.com/containeroo/resolver/toml.go:43.19,45.3 1 1
github.com/containeroo/resolver/toml.go:47.2,48.16 2 1
github.com/containeroo/resolver/toml.go:48.16,50.3 1 1
github.com/containeroo/resolver/toml.go:52.2,52.36 1 1
github.com/containeroo/resolver/toml.go:52.36,54.3 1 1
github.com/containeroo/resolver/toml.go:56.2,57.16 2 1
github.com/containeroo/resolver/toml.go:57.16,59.3 1 0
github.com/containeroo/resolver/toml.go:61.2,61.48 1 1
github.com/containeroo/resolver/utils.go:10.53,13.15 3 1
github.com/containeroo/resolver/utils.go:13.15,15.3 1 1
github.com/containeroo/resolver/utils.go:16.2,16.47 1 1
github.com/containeroo/resolver/utils.go:31.57,33.25 2 1
github.com/containeroo/resolver/utils.go:33.25,34.33 1 1
github.com/containeroo/resolver/utils.go:35.23,38.11 2 1
github.com/containeroo/resolver/utils.go:38.11,40.5 1 1
github.com/containeroo/resolver/utils.go:41.4,41.17 1 1
github.com/containeroo/resolver/utils.go:43.14,46.18 2 1
github.com/containeroo/resolver/utils.go:46.18,48.5 1 1
github.com/containeroo/resolver/utils.go:49.4,49.35 1 1
github.com/containeroo/resolver/utils.go:49.35,51.5 1 1
github.com/containeroo/resolver/utils.go:52.4,52.23 1 1
github.com/containeroo/resolver/utils.go:54.11,56.60 1 1
github.com/containeroo/resolver/utils.go:59.2,59.21 1 1
github.com/containeroo/resolver/utils.go:64.67,65.25 1 1
github.com/containeroo/resolver/utils.go:66.22,68.28 1 1
github.com/containeroo/resolver/utils.go:68.28,70.18 2 1
github.com/containeroo/resolver/utils.go:70.18,72.5 1 0
github.com/containeroo/resolver/utils.go:73.4,73.22 1 1
github.com/containeroo/resolver/utils.go:75.3,75.16 1 1
github.com/containeroo/resolver/utils.go:76.10,78.31 1 1
github.com/containeroo/resolver/utils.go:82.41,84.26 1 1
github.com/containeroo/resolver/utils.go:85.22,86.24 1 1
github.com/containeroo/resolver/utils.go:86.24,88.18 2 1
github.com/containeroo/resolver/utils.go:88.18,90.5 1 0
github.com/containeroo/resolver/utils.go:91.4,91.21 1 1
github.com/containeroo/resolver/utils.go:93.3,93.17 1 1
github.com/containeroo/resolver/utils.go:94.13,95.27 1 1
github.com/containeroo/resolver/utils.go:95.27,97.18 2 1
github.com/containeroo/resolver/utils.go:97.18,99.5 1 0
github.com/containeroo/resolver/utils.go:100.4,100.21 1 1
github.com/containeroo/resolver/utils.go:102.3,102.17 1 1
github.com/containeroo/resolver/utils.go:103.10,104.17 1 1
github.com/containeroo/resolver/yaml.go:16.62,21.16 4 1
github.com/containeroo/resolver/yaml.go:21.16,23.3 1 1
github.com/containeroo/resolver/yaml.go:25.2,26.55 2 1
github.com/containeroo/resolver/yaml.go:26.55,28.3 1 1
github.com/containeroo/resolver/yaml.go:31.2,32.16 2 1
github.com/containeroo/resolver/yaml.go:32.16,34.3 1 0
github.com/containeroo/resolver/yaml.go:36.2,36.19 1 1
github.com/containeroo/resolver/yaml.go:36.19,39.3 1 1
github.com/containeroo/resolver/yaml.go:41.2,42.16 2 1
github.com/containeroo/resolver/yaml.go:42.16,44.3 1 1
github.com/containeroo/resolver/yaml.go:47.2,47.32 1 1
github.com/containeroo/resolver/yaml.go:48.14,49.23 1 1
github.com/containeroo/resolver/yaml.go:50.10,52.47 2 1
